Token Type: KEYWORD
Value: PROGRAM
Token Type: IDENTIFIER
Value: loop
Token Type: KEYWORD
Value: BEGIN
Token Type: KEYWORD
Value: STRING
Token Type: IDENTIFIER
Value: guess
Token Type: OPERATOR
Value: :=
Token Type: STRINGLITERAL
Value: "Guess a number: "
Token Type: OPERATOR
Value: ;
Token Type: KEYWORD
Value: STRING
Token Type: IDENTIFIER
Value: correct
Token Type: OPERATOR
Value: :=
Token Type: STRINGLITERAL
Value: "Correct!\n"
Token Type: OPERATOR
Value: ;
Token Type: KEYWORD
Value: STRING
Token Type: IDENTIFIER
Value: wrong
Token Type: OPERATOR
Value: :=
Token Type: STRINGLITERAL
Value: "Wrong!\n"
Token Type: OPERATOR
Value: ;
Token Type: KEYWORD
Value: STRING
Token Type: IDENTIFIER
Value: out1
Token Type: OPERATOR
Value: :=
Token Type: STRINGLITERAL
Value: "It took you "
Token Type: OPERATOR
Value: ;
Token Type: KEYWORD
Value: STRING
Token Type: IDENTIFIER
Value: out2
Token Type: OPERATOR
Value: :=
Token Type: STRINGLITERAL
Value: " guesses"
Token Type: OPERATOR
Value: ;
Token Type: KEYWORD
Value: INT
Token Type: IDENTIFIER
Value: i
Token Type: OPERATOR
Value: ;
Token Type: KEYWORD
Value: INT
Token Type: IDENTIFIER
Value: j
Token Type: OPERATOR
Value: ;
Token Type: IDENTIFIER
Value: PROTO
Token Type: KEYWORD
Value: VOID
Token Type: IDENTIFIER
Value: main
Token Type: OPERATOR
Value: (
Token Type: OPERATOR
Value: )
Token Type: OPERATOR
Value: ;
Token Type: KEYWORD
Value: FUNCTION
Token Type: KEYWORD
Value: VOID
Token Type: IDENTIFIER
Value: main
Token Type: OPERATOR
Value: (
Token Type: OPERATOR
Value: )
Token Type: KEYWORD
Value: BEGIN
Token Type: IDENTIFIER
Value: i
Token Type: OPERATOR
Value: :=
Token Type: INTLITERAL
Value: 17
Token Type: OPERATOR
Value: ;
Token Type: IDENTIFIER
Value: j
Token Type: OPERATOR
Value: :=
Token Type: INTLITERAL
Value: 0
Token Type: OPERATOR
Value: ;
Token Type: KEYWORD
Value: FOR
Token Type: OPERATOR
Value: (
Token Type: IDENTIFIER
Value: k
Token Type: OPERATOR
Value: :=
Token Type: INTLITERAL
Value: 0
Token Type: OPERATOR
Value: ;
Token Type: IDENTIFIER
Value: i
Token Type: OPERATOR
Value: !=
Token Type: IDENTIFIER
Value: j
Token Type: OPERATOR
Value: ;
Token Type: IDENTIFIER
Value: k
Token Type: OPERATOR
Value: :=
Token Type: IDENTIFIER
Value: k
Token Type: OPERATOR
Value: +
Token Type: INTLITERAL
Value: 1
Token Type: OPERATOR
Value: )
Token Type: KEYWORD
Value: WRITE
Token Type: OPERATOR
Value: (
Token Type: IDENTIFIER
Value: guess
Token Type: OPERATOR
Value: )
Token Type: OPERATOR
Value: ;
Token Type: KEYWORD
Value: READ
Token Type: OPERATOR
Value: (
Token Type: IDENTIFIER
Value: j
Token Type: OPERATOR
Value: )
Token Type: OPERATOR
Value: ;
Token Type: KEYWORD
Value: IF
Token Type: OPERATOR
Value: (
Token Type: IDENTIFIER
Value: i
Token Type: OPERATOR
Value: =
Token Type: IDENTIFIER
Value: j
Token Type: OPERATOR
Value: )
Token Type: KEYWORD
Value: WRITE
Token Type: OPERATOR
Value: (
Token Type: IDENTIFIER
Value: correct
Token Type: OPERATOR
Value: )
Token Type: OPERATOR
Value: ;
Token Type: KEYWORD
Value: ELSE
Token Type: KEYWORD
Value: WRITE
Token Type: OPERATOR
Value: (
Token Type: IDENTIFIER
Value: wrong
Token Type: OPERATOR
Value: )
Token Type: OPERATOR
Value: ;
Token Type: KEYWORD
Value: FI
Token Type: KEYWORD
Value: ROF
Token Type: KEYWORD
Value: WRITE
Token Type: OPERATOR
Value: (
Token Type: IDENTIFIER
Value: out1
Token Type: OPERATOR
Value: ,
Token Type: IDENTIFIER
Value: k
Token Type: OPERATOR
Value: ,
Token Type: IDENTIFIER
Value: out2
Token Type: OPERATOR
Value: )
Token Type: OPERATOR
Value: ;
Token Type: KEYWORD
Value: END
Token Type: KEYWORD
Value: END
