Token Type: KEYWORD
Value: PROGRAM
Token Type: IDENTIFIER
Value: nested
Token Type: KEYWORD
Value: BEGIN
Token Type: KEYWORD
Value: STRING
Token Type: IDENTIFIER
Value: dummy
Token Type: OPERATOR
Value: :=
Token Type: STRINGLITERAL
Value: "abcde"
Token Type: OPERATOR
Value: ;
Token Type: KEYWORD
Value: INT
Token Type: IDENTIFIER
Value: i
Token Type: OPERATOR
Value: ,
Token Type: IDENTIFIER
Value: j
Token Type: OPERATOR
Value: ,
Token Type: IDENTIFIER
Value: k
Token Type: OPERATOR
Value: ;
Token Type: KEYWORD
Value: FUNCTION
Token Type: KEYWORD
Value: VOID
Token Type: IDENTIFIER
Value: main
Token Type: OPERATOR
Value: (
Token Type: OPERATOR
Value: )
Token Type: KEYWORD
Value: BEGIN
Token Type: IDENTIFIER
Value: i
Token Type: OPERATOR
Value: :=
Token Type: INTLITERAL
Value: 0
Token Type: OPERATOR
Value: ;
Token Type: IDENTIFIER
Value: j
Token Type: OPERATOR
Value: :=
Token Type: INTLITERAL
Value: 0
Token Type: OPERATOR
Value: ;
Token Type: IDENTIFIER
Value: k
Token Type: OPERATOR
Value: :=
Token Type: INTLITERAL
Value: 0
Token Type: OPERATOR
Value: ;
Token Type: IDENTIFIER
Value: result
Token Type: OPERATOR
Value: :=
Token Type: INTLITERAL
Value: 0
Token Type: OPERATOR
Value: ;
Token Type: KEYWORD
Value: FOR
Token Type: OPERATOR
Value: (
Token Type: OPERATOR
Value: ;
Token Type: IDENTIFIER
Value: i
Token Type: OPERATOR
Value: <=
Token Type: INTLITERAL
Value: 99
Token Type: OPERATOR
Value: ;
Token Type: IDENTIFIER
Value: i
Token Type: OPERATOR
Value: :=
Token Type: IDENTIFIER
Value: i
Token Type: OPERATOR
Value: +
Token Type: INTLITERAL
Value: 1
Token Type: OPERATOR
Value: ;
Token Type: OPERATOR
Value: )
Token Type: KEYWORD
Value: FOR
Token Type: OPERATOR
Value: (
Token Type: OPERATOR
Value: ;
Token Type: IDENTIFIER
Value: j
Token Type: OPERATOR
Value: <=
Token Type: INTLITERAL
Value: 99
Token Type: OPERATOR
Value: ;
Token Type: IDENTIFIER
Value: j
Token Type: OPERATOR
Value: :=
Token Type: IDENTIFIER
Value: j
Token Type: OPERATOR
Value: +
Token Type: INTLITERAL
Value: 1
Token Type: OPERATOR
Value: )
Token Type: KEYWORD
Value: FOR
Token Type: OPERATOR
Value: (
Token Type: OPERATOR
Value: ;
Token Type: IDENTIFIER
Value: k
Token Type: OPERATOR
Value: <
Token Type: INTLITERAL
Value: 100
Token Type: OPERATOR
Value: ;
Token Type: IDENTIFIER
Value: k
Token Type: OPERATOR
Value: :=
Token Type: IDENTIFIER
Value: k
Token Type: OPERATOR
Value: +
Token Type: INTLITERAL
Value: 1
Token Type: OPERATOR
Value: )
Token Type: IDENTIFIER
Value: result
Token Type: OPERATOR
Value: :=
Token Type: IDENTIFIER
Value: result
Token Type: OPERATOR
Value: +
Token Type: INTLITERAL
Value: 1
Token Type: OPERATOR
Value: ;
Token Type: KEYWORD
Value: ROF
Token Type: KEYWORD
Value: ROF
Token Type: KEYWORD
Value: ROF
Token Type: KEYWORD
Value: WRITE
Token Type: OPERATOR
Value: (
Token Type: IDENTIFIER
Value: result
Token Type: OPERATOR
Value: )
Token Type: OPERATOR
Value: ;
Token Type: KEYWORD
Value: END
Token Type: KEYWORD
Value: END
