;IR code
;LABEL add
;LINK
;ADDF $P1 $P2 $T1
;STOREF $T1 $L1
;STOREF $L1 $R
;RET

;LABEL multiply
;LINK
;MULTF $P1 $P2 $T1
;STOREF $T1 $L1
;STOREF $L1 $R
;RET

;LABEL main
;LINK
;WRITES intro
;WRITES first
;READF $L1
;WRITES second
;READF $L2
;WRITES third
;READF $L3
;PUSH 
;PUSH $L1
;PUSH $L2
;JSR multiply
;POP 
;POP 
;POP $T1
;STOREF $T1 $L5
;PUSH 
;PUSH $L5
;PUSH $L3
;JSR add
;POP 
;POP 
;POP $T2
;STOREF $T2 $L4
;WRITEF $L1
;WRITES star
;WRITEF $L2
;WRITES plus
;WRITEF $L3
;WRITES equal
;WRITEF $L4
;WRITES eol
;STOREI 0 $T3
;STOREI $T3 $R
;RET

;tiny code
str intro "You will be asked for three float numbers\n"
str first "Please enter the first float number: "
str second "Please enter the second float number: "
str third "Please enter the third float number: "
str eol "\n"
str star "*"
str plus "+"
str equal "="
push
push r0
push r1
push r2
push r3
jsr main
sys halt
label add
link 1
move $7 r0
addr $6 r0
move r0 $-1
move $-1 r1
move r1 $8
unlnk
ret
label multiply
link 1
move $7 r0
mulr $6 r0
move r0 $-1
move $-1 r1
move r1 $8
unlnk
ret
label main
link 5
sys writes intro
sys writes first
sys readr $-1
sys writes second
sys readr $-2
sys writes third
sys readr $-3
push 
push $-1
push $-2
push r0
push r1
push r2
push r3
jsr multiply
pop r3
pop r2
pop r1
pop r0
pop 
pop 
pop r0
move r0 $-5
push 
push $-5
push $-3
push r0
push r1
push r2
push r3
jsr add
pop r3
pop r2
pop r1
pop r0
pop 
pop 
pop r1
move r1 $-4
sys writer $-1
sys writes star
sys writer $-2
sys writes plus
sys writer $-3
sys writes equal
sys writer $-4
sys writes eol
move 0 r2
move r2 $6
unlnk
ret
end
